

> avnir-studio@ typecheck /Users/maximezaoui/Desktop/repo/avnir-studio-core/apps/avnir-studio
> tsc --noEmit

[96mapp/layout.tsx[0m:[93m3[0m:[93m32[0m - [91merror[0m[90m TS2307: [0mCannot find module '../../packages/ui/src' or its corresponding type declarations.

[7m3[0m import { Navbar, Footer } from '../../packages/ui/src';
[7m [0m [91m                               ~~~~~~~~~~~~~~~~~~~~~~~[0m

[96mapp/layout.tsx[0m:[93m6[0m:[93m62[0m - [91merror[0m[90m TS2503: [0mCannot find namespace 'React'.

[7m6[0m export default function RootLayout({ children }: { children: React.ReactNode }) {
[7m [0m [91m                                                             ~~~~~[0m

[96mapp/layout.tsx[0m:[93m8[0m:[93m5[0m - [91merror[0m[90m TS7026: [0mJSX element implicitly has type 'any' because no interface 'JSX.IntrinsicElements' exists.

[7m8[0m     <html lang="fr" data-brand="avnir">
[7m [0m [91m    ~~~~~~~~~~~~~~~~~~~~~~~~~~~~~~~~~~~[0m

[96mapp/layout.tsx[0m:[93m9[0m:[93m7[0m - [91merror[0m[90m TS7026: [0mJSX element implicitly has type 'any' because no interface 'JSX.IntrinsicElements' exists.

[7m9[0m       <body className="bg-bg">
[7m [0m [91m      ~~~~~~~~~~~~~~~~~~~~~~~~[0m

[96mapp/layout.tsx[0m:[93m13[0m:[93m7[0m - [91merror[0m[90m TS7026: [0mJSX element implicitly has type 'any' because no interface 'JSX.IntrinsicElements' exists.

[7m13[0m       </body>
[7m  [0m [91m      ~~~~~~~[0m

[96mapp/layout.tsx[0m:[93m14[0m:[93m5[0m - [91merror[0m[90m TS7026: [0mJSX element implicitly has type 'any' because no interface 'JSX.IntrinsicElements' exists.

[7m14[0m     </html>
[7m  [0m [91m    ~~~~~~~[0m

[96mapp/page.tsx[0m:[93m1[0m:[93m25[0m - [91merror[0m[90m TS2307: [0mCannot find module '../../packages/ui/src' or its corresponding type declarations.

[7m1[0m import { Section } from '../../packages/ui/src';
[7m [0m [91m                        ~~~~~~~~~~~~~~~~~~~~~~~[0m

[96mapp/page.tsx[0m:[93m2[0m:[93m31[0m - [91merror[0m[90m TS2307: [0mCannot find module '../../features/visual-generator/src/ui/GeneratorCard' or its corresponding type declarations.

[7m2[0m import { GeneratorCard } from '../../features/visual-generator/src/ui/GeneratorCard';
[7m [0m [91m                              ~~~~~~~~~~~~~~~~~~~~~~~~~~~~~~~~~~~~~~~~~~~~~~~~~~~~~~[0m

[96mapp/page.tsx[0m:[93m8[0m:[93m9[0m - [91merror[0m[90m TS7026: [0mJSX element implicitly has type 'any' because no interface 'JSX.IntrinsicElements' exists.

[7m8[0m         <h1 className="h1">AVNIR-Studio — Hub</h1>
[7m [0m [91m        ~~~~~~~~~~~~~~~~~~~[0m

[96mapp/page.tsx[0m:[93m8[0m:[93m46[0m - [91merror[0m[90m TS7026: [0mJSX element implicitly has type 'any' because no interface 'JSX.IntrinsicElements' exists.

[7m8[0m         <h1 className="h1">AVNIR-Studio — Hub</h1>
[7m [0m [91m                                             ~~~~~[0m

[96mapp/page.tsx[0m:[93m9[0m:[93m9[0m - [91merror[0m[90m TS7026: [0mJSX element implicitly has type 'any' because no interface 'JSX.IntrinsicElements' exists.

[7m9[0m         <p className="mt-3 text-muted max-w-prose">Outils & satellites interconnectés. Style guide unifié, theming par brand.</p>
[7m [0m [91m        ~~~~~~~~~~~~~~~~~~~~~~~~~~~~~~~~~~~~~~~~~~~[0m

[96mapp/page.tsx[0m:[93m9[0m:[93m126[0m - [91merror[0m[90m TS7026: [0mJSX element implicitly has type 'any' because no interface 'JSX.IntrinsicElements' exists.

[7m9[0m         <p className="mt-3 text-muted max-w-prose">Outils & satellites interconnectés. Style guide unifié, theming par brand.</p>
[7m [0m [91m                                                                                                                             ~~~~[0m

[96mtailwind.config.ts[0m:[93m1[0m:[93m20[0m - [91merror[0m[90m TS7016: [0mCould not find a declaration file for module '../../packages/tokens/tailwind-preset.cjs'. '/Users/maximezaoui/Desktop/repo/avnir-studio-core/packages/tokens/tailwind-preset.cjs' implicitly has an 'any' type.

[7m1[0m import preset from '../../packages/tokens/tailwind-preset.cjs';
[7m [0m [91m                   ~~~~~~~~~~~~~~~~~~~~~~~~~~~~~~~~~~~~~~~~~~~[0m


Found 13 errors in 3 files.

Errors  Files
     6  app/layout.tsx[90m:3[0m
     6  app/page.tsx[90m:1[0m
     1  tailwind.config.ts[90m:1[0m
[41m[30m ELIFECYCLE [39m[49m [31mCommand failed with exit code 2.[39m
