
> @avnir/ui@0.1.0 build /Users/maximezaoui/Desktop/repo/avnir-studio-core/packages/ui
> tsup src/index.ts --format esm,cjs --dts --sourcemap --clean && pnpm run build:css

CLI Building entry: src/index.ts
CLI Using tsconfig: tsconfig.json
CLI tsup v8.5.0
CLI Using tsup config: /Users/maximezaoui/Desktop/repo/avnir-studio-core/packages/ui/tsup.config.ts
CLI Target: es2022
CLI Cleaning output folder
ESM Build start
CJS Build start
CJS dist/index.cjs     381.76 KB
CJS dist/index.cjs.map 548.21 KB
CJS ⚡️ Build success in 423ms
ESM dist/index.js     342.29 KB
ESM dist/index.js.map 556.86 KB
ESM ⚡️ Build success in 424ms
DTS Build start
DTS ⚡️ Build success in 10581ms
DTS dist/index.d.ts  96.18 KB
DTS dist/index.d.cts 96.18 KB

> @avnir/ui@0.1.0 build:css /Users/maximezaoui/Desktop/repo/avnir-studio-core/packages/ui
> tailwindcss -c tailwind.build.config.cjs -i ./src/styles-source.css -o ./dist/styles.css --postcss ./postcss.build.config.cjs --minify


Rebuilding...

Done in 870ms.
